[2019-12-01T12:49:33,745][INFO ][o.e.n.Node               ] [] initializing ...
[2019-12-01T12:49:33,970][INFO ][o.e.e.NodeEnvironment    ] [tTK7dti] using [1] data paths, mounts [[/ (/dev/disk1s5)]], net usable_space [61.4gb], net total_space [112.7gb], spins? [unknown], types [apfs]
[2019-12-01T12:49:33,970][INFO ][o.e.e.NodeEnvironment    ] [tTK7dti] heap size [1.9gb], compressed ordinary object pointers [true]
[2019-12-01T12:49:33,973][INFO ][o.e.n.Node               ] node name [tTK7dti] derived from node ID [tTK7dtiFSbCESHLX4R3Jng]; set [node.name] to override
[2019-12-01T12:49:33,973][INFO ][o.e.n.Node               ] version[5.6.8], pid[2369], build[688ecce/2018-02-16T16:46:30.010Z], OS[Mac OS X/10.15.1/x86_64], JVM[Oracle Corporation/Java HotSpot(TM) 64-Bit Server VM/12.0.2/12.0.2+10]
[2019-12-01T12:49:33,973][INFO ][o.e.n.Node               ] JVM arguments [-Xms2g, -Xmx2g, -XX:+UseConcMarkSweepGC, -XX:CMSInitiatingOccupancyFraction=75, -XX:+UseCMSInitiatingOccupancyOnly, -XX:+AlwaysPreTouch, -Xss1m, -Djava.awt.headless=true, -Dfile.encoding=UTF-8, -Djna.nosys=true, -Djdk.io.permissionsUseCanonicalPath=true, -Dio.netty.noUnsafe=true, -Dio.netty.noKeySetOptimization=true, -Dio.netty.recycler.maxCapacityPerThread=0, -Dlog4j.shutdownHookEnabled=false, -Dlog4j2.disable.jmx=true, -Dlog4j.skipJansi=true, -XX:+HeapDumpOnOutOfMemoryError, -Des.path.home=/Users/siddhesh/PycharmProjects/TapSearch/elasticsearch-5.6.8]
[2019-12-01T12:49:34,928][INFO ][o.e.p.PluginsService     ] [tTK7dti] loaded module [aggs-matrix-stats]
[2019-12-01T12:49:34,929][INFO ][o.e.p.PluginsService     ] [tTK7dti] loaded module [ingest-common]
[2019-12-01T12:49:34,929][INFO ][o.e.p.PluginsService     ] [tTK7dti] loaded module [lang-expression]
[2019-12-01T12:49:34,929][INFO ][o.e.p.PluginsService     ] [tTK7dti] loaded module [lang-groovy]
[2019-12-01T12:49:34,929][INFO ][o.e.p.PluginsService     ] [tTK7dti] loaded module [lang-mustache]
[2019-12-01T12:49:34,929][INFO ][o.e.p.PluginsService     ] [tTK7dti] loaded module [lang-painless]
[2019-12-01T12:49:34,929][INFO ][o.e.p.PluginsService     ] [tTK7dti] loaded module [parent-join]
[2019-12-01T12:49:34,929][INFO ][o.e.p.PluginsService     ] [tTK7dti] loaded module [percolator]
[2019-12-01T12:49:34,929][INFO ][o.e.p.PluginsService     ] [tTK7dti] loaded module [reindex]
[2019-12-01T12:49:34,929][INFO ][o.e.p.PluginsService     ] [tTK7dti] loaded module [transport-netty3]
[2019-12-01T12:49:34,929][INFO ][o.e.p.PluginsService     ] [tTK7dti] loaded module [transport-netty4]
[2019-12-01T12:49:34,930][INFO ][o.e.p.PluginsService     ] [tTK7dti] no plugins loaded
[2019-12-01T12:49:36,228][INFO ][o.e.d.DiscoveryModule    ] [tTK7dti] using discovery type [zen]
[2019-12-01T12:49:36,627][INFO ][o.e.n.Node               ] initialized
[2019-12-01T12:49:36,627][INFO ][o.e.n.Node               ] [tTK7dti] starting ...
[2019-12-01T12:49:36,829][INFO ][o.e.t.TransportService   ] [tTK7dti] publish_address {127.0.0.1:9300}, bound_addresses {[::1]:9300}, {127.0.0.1:9300}
[2019-12-01T12:49:39,894][INFO ][o.e.c.s.ClusterService   ] [tTK7dti] new_master {tTK7dti}{tTK7dtiFSbCESHLX4R3Jng}{J5ZDVaLsRzWVTii__lbQyw}{127.0.0.1}{127.0.0.1:9300}, reason: zen-disco-elected-as-master ([0] nodes joined)
[2019-12-01T12:49:39,912][INFO ][o.e.h.n.Netty4HttpServerTransport] [tTK7dti] publish_address {127.0.0.1:9200}, bound_addresses {[::1]:9200}, {127.0.0.1:9200}
[2019-12-01T12:49:39,913][INFO ][o.e.n.Node               ] [tTK7dti] started
[2019-12-01T12:49:39,956][INFO ][o.e.g.GatewayService     ] [tTK7dti] recovered [0] indices into cluster_state
[2019-12-01T13:03:06,910][INFO ][o.e.c.m.MetaDataCreateIndexService] [tTK7dti] [posts] creating index, cause [auto(bulk api)], templates [], shards [5]/[1], mappings []
[2019-12-01T13:03:07,492][INFO ][o.e.c.m.MetaDataMappingService] [tTK7dti] [posts/RMuIlW8iQOy-z4Ufx-L8Rw] create_mapping [doc]
[2019-12-01T14:05:53,209][INFO ][o.e.n.Node               ] [tTK7dti] stopping ...
[2019-12-01T14:05:53,374][INFO ][o.e.n.Node               ] [tTK7dti] stopped
[2019-12-01T14:05:53,375][INFO ][o.e.n.Node               ] [tTK7dti] closing ...
[2019-12-01T14:05:53,396][INFO ][o.e.n.Node               ] [tTK7dti] closed
[2019-12-01T14:06:28,091][INFO ][o.e.n.Node               ] [] initializing ...
[2019-12-01T14:06:28,329][INFO ][o.e.e.NodeEnvironment    ] [tTK7dti] using [1] data paths, mounts [[/ (/dev/disk1s5)]], net usable_space [61.4gb], net total_space [112.7gb], spins? [unknown], types [apfs]
[2019-12-01T14:06:28,329][INFO ][o.e.e.NodeEnvironment    ] [tTK7dti] heap size [1.9gb], compressed ordinary object pointers [true]
[2019-12-01T14:06:28,355][INFO ][o.e.n.Node               ] node name [tTK7dti] derived from node ID [tTK7dtiFSbCESHLX4R3Jng]; set [node.name] to override
[2019-12-01T14:06:28,355][INFO ][o.e.n.Node               ] version[5.6.8], pid[2793], build[688ecce/2018-02-16T16:46:30.010Z], OS[Mac OS X/10.15.1/x86_64], JVM[Oracle Corporation/Java HotSpot(TM) 64-Bit Server VM/12.0.2/12.0.2+10]
[2019-12-01T14:06:28,355][INFO ][o.e.n.Node               ] JVM arguments [-Xms2g, -Xmx2g, -XX:+UseConcMarkSweepGC, -XX:CMSInitiatingOccupancyFraction=75, -XX:+UseCMSInitiatingOccupancyOnly, -XX:+AlwaysPreTouch, -Xss1m, -Djava.awt.headless=true, -Dfile.encoding=UTF-8, -Djna.nosys=true, -Djdk.io.permissionsUseCanonicalPath=true, -Dio.netty.noUnsafe=true, -Dio.netty.noKeySetOptimization=true, -Dio.netty.recycler.maxCapacityPerThread=0, -Dlog4j.shutdownHookEnabled=false, -Dlog4j2.disable.jmx=true, -Dlog4j.skipJansi=true, -XX:+HeapDumpOnOutOfMemoryError, -Des.path.home=/Users/siddhesh/PycharmProjects/TapSearch/elasticsearch-5.6.8]
[2019-12-01T14:06:29,147][INFO ][o.e.p.PluginsService     ] [tTK7dti] loaded module [aggs-matrix-stats]
[2019-12-01T14:06:29,147][INFO ][o.e.p.PluginsService     ] [tTK7dti] loaded module [ingest-common]
[2019-12-01T14:06:29,147][INFO ][o.e.p.PluginsService     ] [tTK7dti] loaded module [lang-expression]
[2019-12-01T14:06:29,148][INFO ][o.e.p.PluginsService     ] [tTK7dti] loaded module [lang-groovy]
[2019-12-01T14:06:29,148][INFO ][o.e.p.PluginsService     ] [tTK7dti] loaded module [lang-mustache]
[2019-12-01T14:06:29,148][INFO ][o.e.p.PluginsService     ] [tTK7dti] loaded module [lang-painless]
[2019-12-01T14:06:29,148][INFO ][o.e.p.PluginsService     ] [tTK7dti] loaded module [parent-join]
[2019-12-01T14:06:29,148][INFO ][o.e.p.PluginsService     ] [tTK7dti] loaded module [percolator]
[2019-12-01T14:06:29,148][INFO ][o.e.p.PluginsService     ] [tTK7dti] loaded module [reindex]
[2019-12-01T14:06:29,148][INFO ][o.e.p.PluginsService     ] [tTK7dti] loaded module [transport-netty3]
[2019-12-01T14:06:29,148][INFO ][o.e.p.PluginsService     ] [tTK7dti] loaded module [transport-netty4]
[2019-12-01T14:06:29,149][INFO ][o.e.p.PluginsService     ] [tTK7dti] no plugins loaded
[2019-12-01T14:06:30,379][INFO ][o.e.d.DiscoveryModule    ] [tTK7dti] using discovery type [zen]
[2019-12-01T14:06:30,847][INFO ][o.e.n.Node               ] initialized
[2019-12-01T14:06:30,847][INFO ][o.e.n.Node               ] [tTK7dti] starting ...
[2019-12-01T14:06:31,042][INFO ][o.e.t.TransportService   ] [tTK7dti] publish_address {127.0.0.1:9300}, bound_addresses {[::1]:9300}, {127.0.0.1:9300}
[2019-12-01T14:06:34,094][INFO ][o.e.c.s.ClusterService   ] [tTK7dti] new_master {tTK7dti}{tTK7dtiFSbCESHLX4R3Jng}{GebzRbx0QZCQjHvMwlfFxw}{127.0.0.1}{127.0.0.1:9300}, reason: zen-disco-elected-as-master ([0] nodes joined)
[2019-12-01T14:06:34,112][INFO ][o.e.h.n.Netty4HttpServerTransport] [tTK7dti] publish_address {127.0.0.1:9200}, bound_addresses {[::1]:9200}, {127.0.0.1:9200}
[2019-12-01T14:06:34,112][INFO ][o.e.n.Node               ] [tTK7dti] started
[2019-12-01T14:06:34,369][INFO ][o.e.g.GatewayService     ] [tTK7dti] recovered [1] indices into cluster_state
[2019-12-01T14:06:34,669][INFO ][o.e.c.r.a.AllocationService] [tTK7dti] Cluster health status changed from [RED] to [YELLOW] (reason: [shards started [[posts][3]] ...]).
[2019-12-01T14:19:31,235][DEBUG][o.e.a.b.TransportShardBulkAction] [tTK7dti] [posts][3] failed to execute bulk item (index) BulkShardRequest [[posts][3]] containing [index {[posts][posts][AW7Apo5IHWXNWzKp-E7p], source[_na_]}]
org.elasticsearch.index.mapper.MapperParsingException: failed to parse
	at org.elasticsearch.index.mapper.DocumentParser.wrapInMapperParsingException(DocumentParser.java:176) ~[elasticsearch-5.6.8.jar:5.6.8]
	at org.elasticsearch.index.mapper.DocumentParser.parseDocument(DocumentParser.java:69) ~[elasticsearch-5.6.8.jar:5.6.8]
	at org.elasticsearch.index.mapper.DocumentMapper.parse(DocumentMapper.java:277) ~[elasticsearch-5.6.8.jar:5.6.8]
	at org.elasticsearch.index.shard.IndexShard.prepareIndex(IndexShard.java:530) ~[elasticsearch-5.6.8.jar:5.6.8]
	at org.elasticsearch.index.shard.IndexShard.prepareIndexOnPrimary(IndexShard.java:507) ~[elasticsearch-5.6.8.jar:5.6.8]
	at org.elasticsearch.action.bulk.TransportShardBulkAction.prepareIndexOperationOnPrimary(TransportShardBulkAction.java:459) ~[elasticsearch-5.6.8.jar:5.6.8]
	at org.elasticsearch.action.bulk.TransportShardBulkAction.executeIndexRequestOnPrimary(TransportShardBulkAction.java:467) ~[elasticsearch-5.6.8.jar:5.6.8]
	at org.elasticsearch.action.bulk.TransportShardBulkAction.executeBulkItemRequest(TransportShardBulkAction.java:146) [elasticsearch-5.6.8.jar:5.6.8]
	at org.elasticsearch.action.bulk.TransportShardBulkAction.shardOperationOnPrimary(TransportShardBulkAction.java:115) [elasticsearch-5.6.8.jar:5.6.8]
	at org.elasticsearch.action.bulk.TransportShardBulkAction.shardOperationOnPrimary(TransportShardBulkAction.java:70) [elasticsearch-5.6.8.jar:5.6.8]
	at org.elasticsearch.action.support.replication.TransportReplicationAction$PrimaryShardReference.perform(TransportReplicationAction.java:975) [elasticsearch-5.6.8.jar:5.6.8]
	at org.elasticsearch.action.support.replication.TransportReplicationAction$PrimaryShardReference.perform(TransportReplicationAction.java:944) [elasticsearch-5.6.8.jar:5.6.8]
	at org.elasticsearch.action.support.replication.ReplicationOperation.execute(ReplicationOperation.java:113) [elasticsearch-5.6.8.jar:5.6.8]
	at org.elasticsearch.action.support.replication.TransportReplicationAction$AsyncPrimaryAction.onResponse(TransportReplicationAction.java:345) [elasticsearch-5.6.8.jar:5.6.8]
	at org.elasticsearch.action.support.replication.TransportReplicationAction$AsyncPrimaryAction.onResponse(TransportReplicationAction.java:270) [elasticsearch-5.6.8.jar:5.6.8]
	at org.elasticsearch.action.support.replication.TransportReplicationAction$1.onResponse(TransportReplicationAction.java:924) [elasticsearch-5.6.8.jar:5.6.8]
	at org.elasticsearch.action.support.replication.TransportReplicationAction$1.onResponse(TransportReplicationAction.java:921) [elasticsearch-5.6.8.jar:5.6.8]
	at org.elasticsearch.index.shard.IndexShardOperationsLock.acquire(IndexShardOperationsLock.java:151) [elasticsearch-5.6.8.jar:5.6.8]
	at org.elasticsearch.index.shard.IndexShard.acquirePrimaryOperationLock(IndexShard.java:1659) [elasticsearch-5.6.8.jar:5.6.8]
	at org.elasticsearch.action.support.replication.TransportReplicationAction.acquirePrimaryShardReference(TransportReplicationAction.java:933) [elasticsearch-5.6.8.jar:5.6.8]
	at org.elasticsearch.action.support.replication.TransportReplicationAction.access$500(TransportReplicationAction.java:92) [elasticsearch-5.6.8.jar:5.6.8]
	at org.elasticsearch.action.support.replication.TransportReplicationAction$AsyncPrimaryAction.doRun(TransportReplicationAction.java:291) [elasticsearch-5.6.8.jar:5.6.8]
	at org.elasticsearch.common.util.concurrent.AbstractRunnable.run(AbstractRunnable.java:37) [elasticsearch-5.6.8.jar:5.6.8]
	at org.elasticsearch.action.support.replication.TransportReplicationAction$PrimaryOperationTransportHandler.messageReceived(TransportReplicationAction.java:266) [elasticsearch-5.6.8.jar:5.6.8]
	at org.elasticsearch.action.support.replication.TransportReplicationAction$PrimaryOperationTransportHandler.messageReceived(TransportReplicationAction.java:248) [elasticsearch-5.6.8.jar:5.6.8]
	at org.elasticsearch.transport.RequestHandlerRegistry.processMessageReceived(RequestHandlerRegistry.java:69) [elasticsearch-5.6.8.jar:5.6.8]
	at org.elasticsearch.transport.TransportService$7.doRun(TransportService.java:654) [elasticsearch-5.6.8.jar:5.6.8]
	at org.elasticsearch.common.util.concurrent.ThreadContext$ContextPreservingAbstractRunnable.doRun(ThreadContext.java:674) [elasticsearch-5.6.8.jar:5.6.8]
	at org.elasticsearch.common.util.concurrent.AbstractRunnable.run(AbstractRunnable.java:37) [elasticsearch-5.6.8.jar:5.6.8]
	at java.util.concurrent.ThreadPoolExecutor.runWorker(ThreadPoolExecutor.java:1128) [?:?]
	at java.util.concurrent.ThreadPoolExecutor$Worker.run(ThreadPoolExecutor.java:628) [?:?]
	at java.lang.Thread.run(Thread.java:835) [?:?]
Caused by: org.elasticsearch.common.compress.NotXContentException: Compressor detection can only be called on some xcontent bytes or compressed xcontent bytes
	at org.elasticsearch.common.compress.CompressorFactory.compressor(CompressorFactory.java:58) ~[elasticsearch-5.6.8.jar:5.6.8]
	at org.elasticsearch.common.xcontent.XContentHelper.createParser(XContentHelper.java:53) ~[elasticsearch-5.6.8.jar:5.6.8]
	at org.elasticsearch.index.mapper.DocumentParser.parseDocument(DocumentParser.java:62) ~[elasticsearch-5.6.8.jar:5.6.8]
	... 30 more
[2019-12-01T14:19:48,622][DEBUG][o.e.a.b.TransportShardBulkAction] [tTK7dti] [posts][2] failed to execute bulk item (index) BulkShardRequest [[posts][2]] containing [index {[posts][posts][AW7AptJMHWXNWzKp-E7q], source[_na_]}]
org.elasticsearch.index.mapper.MapperParsingException: failed to parse
	at org.elasticsearch.index.mapper.DocumentParser.wrapInMapperParsingException(DocumentParser.java:176) ~[elasticsearch-5.6.8.jar:5.6.8]
	at org.elasticsearch.index.mapper.DocumentParser.parseDocument(DocumentParser.java:69) ~[elasticsearch-5.6.8.jar:5.6.8]
	at org.elasticsearch.index.mapper.DocumentMapper.parse(DocumentMapper.java:277) ~[elasticsearch-5.6.8.jar:5.6.8]
	at org.elasticsearch.index.shard.IndexShard.prepareIndex(IndexShard.java:530) ~[elasticsearch-5.6.8.jar:5.6.8]
	at org.elasticsearch.index.shard.IndexShard.prepareIndexOnPrimary(IndexShard.java:507) ~[elasticsearch-5.6.8.jar:5.6.8]
	at org.elasticsearch.action.bulk.TransportShardBulkAction.prepareIndexOperationOnPrimary(TransportShardBulkAction.java:459) ~[elasticsearch-5.6.8.jar:5.6.8]
	at org.elasticsearch.action.bulk.TransportShardBulkAction.executeIndexRequestOnPrimary(TransportShardBulkAction.java:467) ~[elasticsearch-5.6.8.jar:5.6.8]
	at org.elasticsearch.action.bulk.TransportShardBulkAction.executeBulkItemRequest(TransportShardBulkAction.java:146) [elasticsearch-5.6.8.jar:5.6.8]
	at org.elasticsearch.action.bulk.TransportShardBulkAction.shardOperationOnPrimary(TransportShardBulkAction.java:115) [elasticsearch-5.6.8.jar:5.6.8]
	at org.elasticsearch.action.bulk.TransportShardBulkAction.shardOperationOnPrimary(TransportShardBulkAction.java:70) [elasticsearch-5.6.8.jar:5.6.8]
	at org.elasticsearch.action.support.replication.TransportReplicationAction$PrimaryShardReference.perform(TransportReplicationAction.java:975) [elasticsearch-5.6.8.jar:5.6.8]
	at org.elasticsearch.action.support.replication.TransportReplicationAction$PrimaryShardReference.perform(TransportReplicationAction.java:944) [elasticsearch-5.6.8.jar:5.6.8]
	at org.elasticsearch.action.support.replication.ReplicationOperation.execute(ReplicationOperation.java:113) [elasticsearch-5.6.8.jar:5.6.8]
	at org.elasticsearch.action.support.replication.TransportReplicationAction$AsyncPrimaryAction.onResponse(TransportReplicationAction.java:345) [elasticsearch-5.6.8.jar:5.6.8]
	at org.elasticsearch.action.support.replication.TransportReplicationAction$AsyncPrimaryAction.onResponse(TransportReplicationAction.java:270) [elasticsearch-5.6.8.jar:5.6.8]
	at org.elasticsearch.action.support.replication.TransportReplicationAction$1.onResponse(TransportReplicationAction.java:924) [elasticsearch-5.6.8.jar:5.6.8]
	at org.elasticsearch.action.support.replication.TransportReplicationAction$1.onResponse(TransportReplicationAction.java:921) [elasticsearch-5.6.8.jar:5.6.8]
	at org.elasticsearch.index.shard.IndexShardOperationsLock.acquire(IndexShardOperationsLock.java:151) [elasticsearch-5.6.8.jar:5.6.8]
	at org.elasticsearch.index.shard.IndexShard.acquirePrimaryOperationLock(IndexShard.java:1659) [elasticsearch-5.6.8.jar:5.6.8]
	at org.elasticsearch.action.support.replication.TransportReplicationAction.acquirePrimaryShardReference(TransportReplicationAction.java:933) [elasticsearch-5.6.8.jar:5.6.8]
	at org.elasticsearch.action.support.replication.TransportReplicationAction.access$500(TransportReplicationAction.java:92) [elasticsearch-5.6.8.jar:5.6.8]
	at org.elasticsearch.action.support.replication.TransportReplicationAction$AsyncPrimaryAction.doRun(TransportReplicationAction.java:291) [elasticsearch-5.6.8.jar:5.6.8]
	at org.elasticsearch.common.util.concurrent.AbstractRunnable.run(AbstractRunnable.java:37) [elasticsearch-5.6.8.jar:5.6.8]
	at org.elasticsearch.action.support.replication.TransportReplicationAction$PrimaryOperationTransportHandler.messageReceived(TransportReplicationAction.java:266) [elasticsearch-5.6.8.jar:5.6.8]
	at org.elasticsearch.action.support.replication.TransportReplicationAction$PrimaryOperationTransportHandler.messageReceived(TransportReplicationAction.java:248) [elasticsearch-5.6.8.jar:5.6.8]
	at org.elasticsearch.transport.RequestHandlerRegistry.processMessageReceived(RequestHandlerRegistry.java:69) [elasticsearch-5.6.8.jar:5.6.8]
	at org.elasticsearch.transport.TransportService$7.doRun(TransportService.java:654) [elasticsearch-5.6.8.jar:5.6.8]
	at org.elasticsearch.common.util.concurrent.ThreadContext$ContextPreservingAbstractRunnable.doRun(ThreadContext.java:674) [elasticsearch-5.6.8.jar:5.6.8]
	at org.elasticsearch.common.util.concurrent.AbstractRunnable.run(AbstractRunnable.java:37) [elasticsearch-5.6.8.jar:5.6.8]
	at java.util.concurrent.ThreadPoolExecutor.runWorker(ThreadPoolExecutor.java:1128) [?:?]
	at java.util.concurrent.ThreadPoolExecutor$Worker.run(ThreadPoolExecutor.java:628) [?:?]
	at java.lang.Thread.run(Thread.java:835) [?:?]
Caused by: org.elasticsearch.common.compress.NotXContentException: Compressor detection can only be called on some xcontent bytes or compressed xcontent bytes
	at org.elasticsearch.common.compress.CompressorFactory.compressor(CompressorFactory.java:58) ~[elasticsearch-5.6.8.jar:5.6.8]
	at org.elasticsearch.common.xcontent.XContentHelper.createParser(XContentHelper.java:53) ~[elasticsearch-5.6.8.jar:5.6.8]
	at org.elasticsearch.index.mapper.DocumentParser.parseDocument(DocumentParser.java:62) ~[elasticsearch-5.6.8.jar:5.6.8]
	... 30 more
[2019-12-01T17:12:43,120][INFO ][o.e.m.j.JvmGcMonitorService] [tTK7dti] [gc][9940] overhead, spent [398ms] collecting in the last [1.4s]
[2019-12-01T20:07:15,000][INFO ][o.e.n.Node               ] [tTK7dti] stopping ...
[2019-12-01T20:07:15,411][INFO ][o.e.n.Node               ] [tTK7dti] stopped
[2019-12-01T20:07:15,414][INFO ][o.e.n.Node               ] [tTK7dti] closing ...
[2019-12-01T20:07:15,492][INFO ][o.e.n.Node               ] [tTK7dti] closed
